<?xml version="1.0" encoding="UTF-8"?>
<!-- Generated by org.testng.reporters.JUnitXMLReporter -->
<testsuite hostname="DESKTOP-FUFURT6" name="Surefire test" tests="3" failures="0" timestamp="24 Sep 2020 10:59:51 GMT" time="77.136" errors="0">
  <testcase name="runScenario" time="34.277" classname="com.runner.WebRunner"/>
  <testcase name="runScenario" time="71.749" classname="com.runner.WebRunner"/>
  <testcase name="runScenario" time="76.489" classname="com.runner.WebRunner"/>
</testsuite> <!-- Surefire test -->
