<?xml version="1.0" encoding="UTF-8"?>
<testng-results skipped="0" failed="0" total="1" passed="1">
  <reporter-output>
  </reporter-output>
  <suite name="Surefire suite" duration-ms="67481" started-at="2020-09-26T13:37:57Z" finished-at="2020-09-26T13:39:04Z">
    <groups>
      <group name="cucumber">
        <method signature="AbstractTestNGCucumberTests.runScenario(io.cucumber.testng.PickleWrapper, io.cucumber.testng.FeatureWrapper)[pri:0, instance:com.runner.WebRunner@5d5eef3d]" name="runScenario" class="io.cucumber.testng.AbstractTestNGCucumberTests"/>
      </group> <!-- cucumber -->
    </groups>
    <test name="Surefire test" duration-ms="67481" started-at="2020-09-26T13:37:57Z" finished-at="2020-09-26T13:39:04Z">
      <class name="com.runner.WebRunner">
        <test-method status="PASS" signature="setUpClass()[pri:0, instance:com.runner.WebRunner@5d5eef3d]" name="setUpClass" is-config="true" duration-ms="426" started-at="2020-09-26T19:07:57Z" finished-at="2020-09-26T19:07:57Z">
          <reporter-output>
          </reporter-output>
        </test-method> <!-- setUpClass -->
        <test-method status="PASS" signature="runScenario(io.cucumber.testng.PickleWrapper, io.cucumber.testng.FeatureWrapper)[pri:0, instance:com.runner.WebRunner@5d5eef3d]" name="runScenario" duration-ms="66873" started-at="2020-09-26T19:07:57Z" description="Runs Cucumber Scenarios" data-provider="scenarios" finished-at="2020-09-26T19:09:04Z">
          <params>
            <param index="0">
              <value>
                <![CDATA["To verify application is able to do fund transfer"]]>
              </value>
            </param>
            <param index="1">
              <value>
                <![CDATA["Digital Bank"]]>
              </value>
            </param>
          </params>
          <reporter-output>
          </reporter-output>
        </test-method> <!-- runScenario -->
        <test-method status="PASS" signature="tearDownClass()[pri:0, instance:com.runner.WebRunner@5d5eef3d]" name="tearDownClass" is-config="true" duration-ms="165" started-at="2020-09-26T19:09:04Z" finished-at="2020-09-26T19:09:04Z">
          <reporter-output>
          </reporter-output>
        </test-method> <!-- tearDownClass -->
      </class> <!-- com.runner.WebRunner -->
    </test> <!-- Surefire test -->
  </suite> <!-- Surefire suite -->
</testng-results>
