<?xml version="1.0" encoding="UTF-8"?>
<testng-results skipped="0" failed="0" total="3" passed="3">
  <reporter-output>
  </reporter-output>
  <suite name="Surefire suite" duration-ms="77136" started-at="2020-09-24T10:58:34Z" finished-at="2020-09-24T10:59:51Z">
    <groups>
      <group name="cucumber">
        <method signature="AbstractTestNGCucumberTests.runScenario(io.cucumber.testng.PickleWrapper, io.cucumber.testng.FeatureWrapper)[pri:0, instance:com.runner.WebRunner@573f2bb1]" name="runScenario" class="io.cucumber.testng.AbstractTestNGCucumberTests"/>
      </group> <!-- cucumber -->
    </groups>
    <test name="Surefire test" duration-ms="77136" started-at="2020-09-24T10:58:34Z" finished-at="2020-09-24T10:59:51Z">
      <class name="com.runner.WebRunner">
        <test-method status="PASS" signature="setUpClass()[pri:0, instance:com.runner.WebRunner@573f2bb1]" name="setUpClass" is-config="true" duration-ms="448" started-at="2020-09-24T16:28:34Z" finished-at="2020-09-24T16:28:34Z">
          <reporter-output>
          </reporter-output>
        </test-method> <!-- setUpClass -->
        <test-method status="PASS" signature="runScenario(io.cucumber.testng.PickleWrapper, io.cucumber.testng.FeatureWrapper)[pri:0, instance:com.runner.WebRunner@573f2bb1]" name="runScenario" duration-ms="71749" started-at="2020-09-24T16:28:34Z" description="Runs Cucumber Scenarios" data-provider="scenarios" finished-at="2020-09-24T16:29:46Z">
          <params>
            <param index="0">
              <value>
                <![CDATA["To verify the application is able to perform deposit into account"]]>
              </value>
            </param>
            <param index="1">
              <value>
                <![CDATA["Digital Bank"]]>
              </value>
            </param>
          </params>
          <reporter-output>
          </reporter-output>
        </test-method> <!-- runScenario -->
        <test-method status="PASS" signature="runScenario(io.cucumber.testng.PickleWrapper, io.cucumber.testng.FeatureWrapper)[pri:0, instance:com.runner.WebRunner@573f2bb1]" name="runScenario" duration-ms="76489" started-at="2020-09-24T16:28:34Z" description="Runs Cucumber Scenarios" data-provider="scenarios" finished-at="2020-09-24T16:29:51Z">
          <params>
            <param index="0">
              <value>
                <![CDATA["To verify application is able to do fund transfer"]]>
              </value>
            </param>
            <param index="1">
              <value>
                <![CDATA["Digital Bank"]]>
              </value>
            </param>
          </params>
          <reporter-output>
          </reporter-output>
        </test-method> <!-- runScenario -->
        <test-method status="PASS" signature="runScenario(io.cucumber.testng.PickleWrapper, io.cucumber.testng.FeatureWrapper)[pri:0, instance:com.runner.WebRunner@573f2bb1]" name="runScenario" duration-ms="34277" started-at="2020-09-24T16:28:34Z" description="Runs Cucumber Scenarios" data-provider="scenarios" finished-at="2020-09-24T16:29:08Z">
          <params>
            <param index="0">
              <value>
                <![CDATA["To verify user can able to perform Saving account opening"]]>
              </value>
            </param>
            <param index="1">
              <value>
                <![CDATA["Digital Bank"]]>
              </value>
            </param>
          </params>
          <reporter-output>
          </reporter-output>
        </test-method> <!-- runScenario -->
        <test-method status="PASS" signature="tearDownClass()[pri:0, instance:com.runner.WebRunner@573f2bb1]" name="tearDownClass" is-config="true" duration-ms="175" started-at="2020-09-24T16:29:51Z" finished-at="2020-09-24T16:29:51Z">
          <reporter-output>
          </reporter-output>
        </test-method> <!-- tearDownClass -->
      </class> <!-- com.runner.WebRunner -->
    </test> <!-- Surefire test -->
  </suite> <!-- Surefire suite -->
</testng-results>
