<?xml version="1.0" encoding="UTF-8"?>
<testng-results skipped="0" failed="0" ignored="0" total="0" passed="0">
  <reporter-output>
  </reporter-output>
  <suite name="Default suite" duration-ms="537" started-at="2020-09-26T17:08:42Z" finished-at="2020-09-26T17:08:42Z">
    <groups>
      <group name="cucumber">
        <method signature="AbstractTestNGCucumberTests.runScenario(io.cucumber.testng.PickleWrapper, io.cucumber.testng.FeatureWrapper)[pri:0, instance:com.runner.WebRunner@52a86356]" name="runScenario" class="io.cucumber.testng.AbstractTestNGCucumberTests"/>
      </group> <!-- cucumber -->
    </groups>
    <test name="Default test" duration-ms="537" started-at="2020-09-26T17:08:42Z" finished-at="2020-09-26T17:08:42Z">
      <class name="com.runner.WebRunner">
        <test-method status="PASS" signature="setUpClass()[pri:0, instance:com.runner.WebRunner@52a86356]" name="setUpClass" is-config="true" duration-ms="486" started-at="2020-09-26T17:08:42Z" finished-at="2020-09-26T17:08:42Z">
          <reporter-output>
          </reporter-output>
        </test-method> <!-- setUpClass -->
        <test-method status="PASS" signature="tearDownClass()[pri:0, instance:com.runner.WebRunner@52a86356]" name="tearDownClass" is-config="true" duration-ms="23" started-at="2020-09-26T17:08:42Z" finished-at="2020-09-26T17:08:42Z">
          <reporter-output>
          </reporter-output>
        </test-method> <!-- tearDownClass -->
      </class> <!-- com.runner.WebRunner -->
    </test> <!-- Default test -->
  </suite> <!-- Default suite -->
</testng-results>
